#
# There is insufficient memory for the Java Runtime Environment to continue.
# Native memory allocation (mmap) failed to map 123731968 bytes for G1 virtual space
# Possible reasons:
#   The system is out of physical RAM or swap space
#   The process is running with CompressedOops enabled, and the Java Heap may be blocking the growth of the native heap
# Possible solutions:
#   Reduce memory load on the system
#   Increase physical memory or swap space
#   Check if swap backing store is full
#   Decrease Java heap size (-Xmx/-Xms)
#   Decrease number of Java threads
#   Decrease Java thread stack sizes (-Xss)
#   Set larger code cache with -XX:ReservedCodeCacheSize=
#   JVM is running with Unscaled Compressed Oops mode in which the Java heap is
#     placed in the first 4GB address space. The Java Heap base address is the
#     maximum limit for the native heap growth. Please use -XX:HeapBaseMinAddress
#     to set the Java Heap base and to place the Java Heap above 4GB virtual address.
# This output file may be truncated or incomplete.
#
#  Out of Memory Error (os_windows.cpp:3825), pid=18956, tid=5268
#
# JRE version:  (17.0.10+8) (build )
# Java VM: OpenJDK 64-Bit Server VM (17.0.10+8-b1207.12, mixed mode, sharing, tiered, compressed oops, compressed class ptrs, g1 gc, windows-amd64)
# No core dump will be written. Minidumps are not enabled by default on client versions of Windows
#

---------------  S U M M A R Y ------------

Command Line: git4idea.http.GitAskPassApp Username for 'https://github.com': 

Host: AMD Ryzen 7 5700U with Radeon Graphics         , 16 cores, 7G,  Windows 11 , 64 bit Build 22621 (10.0.22621.3958)
Time: Wed Oct 23 00:16:43 2024 RTZ 2 (s 11 , 64 bit Build 22621 (10.0.22621.3958) elapsed time: 0.016180 seconds (0d 0h 0m 0s)

---------------  T H R E A D  ---------------

Current thread (0x000001b28f8e0d70):  JavaThread "Unknown thread" [_thread_in_vm, id=5268, stack(0x0000006191e00000,0x0000006191f00000)]

Stack: [0x0000006191e00000,0x0000006191f00000]
Native frames: (J=compiled Java code, j=interpreted, Vv=VM code, C=native code)
V  [jvm.dll+0x687989]
V  [jvm.dll+0x84116a]
V  [jvm.dll+0x842dae]
V  [jvm.dll+0x843413]
V  [jvm.dll+0x249ccf]
V  [jvm.dll+0x684759]
V  [jvm.dll+0x67900a]
V  [jvm.dll+0x30ab0b]
V  [jvm.dll+0x311fb6]
V  [jvm.dll+0x361d5e]
V  [jvm.dll+0x361f8f]
V  [jvm.dll+0x2e07f8]
V  [jvm.dll+0x2e1764]
V  [jvm.dll+0x811c31]
V  [jvm.dll+0x36fc11]
V  [jvm.dll+0x7f0666]
V  [jvm.dll+0x3f3daf]
V  [jvm.dll+0x3f5a41]
C  [jli.dll+0x528f]
C  [ucrtbase.dll+0x29333]
C  [KERNEL32.DLL+0x1257d]
C  [ntdll.dll+0x5af08]


---------------  P R O C E S S  ---------------

Threads class SMR info:
_java_thread_list=0x00007fff87a5df58, length=0, elements={
}

Java Threads: ( => current thread )

Other Threads:
  0x000001b28f937e20 GCTaskThread "GC Thread#0" [stack: 0x0000006191f00000,0x0000006192000000] [id=13528]
  0x000001b28f9478f0 ConcurrentGCThread "G1 Main Marker" [stack: 0x0000006192000000,0x0000006192100000] [id=18264]
  0x000001b28f948310 ConcurrentGCThread "G1 Conc#0" [stack: 0x0000006192100000,0x0000006192200000] [id=18236]

[error occurred during error reporting (printing all threads), id 0xc0000005, EXCEPTION_ACCESS_VIOLATION (0xc0000005) at pc=0x00007fff872113c7]

VM state: not at safepoint (not fully initialized)

VM Mutex/Monitor currently owned by a thread:  ([mutex/lock_event])
[0x000001b28f8dc0e0] Heap_lock - owner thread: 0x000001b28f8e0d70

Heap address: 0x000000008a400000, size: 1884 MB, Compressed Oops mode: 32-bit

CDS archive(s) mapped at: [0x0000000000000000-0x0000000000000000-0x0000000000000000), size 0, SharedBaseAddress: 0x0000000800000000, ArchiveRelocationMode: 1.
Narrow klass base: 0x0000000000000000, Narrow klass shift: 0, Narrow klass range: 0x0

GC Precious Log:
<Empty>

Heap:
 garbage-first heap   total 0K, used 0K [0x000000008a400000, 0x0000000100000000)
  region size 1024K, 0 young (0K), 0 survivors (0K)
 Metaspace       used 0K, committed 0K, reserved 0K
  class space    used 0K, committed 0K, reserved 0K

Heap Regions: E=young(eden), S=young(survivor), O=old, HS=humongous(starts), HC=humongous(continues), CS=collection set, F=free, OA=open archive, CA=closed archive, TAMS=top-at-mark-start (previous, next)

Card table byte_map: [0x000001b2a4ba0000,0x000001b2a4f50000] _byte_map_base: 0x000001b2a474e000

Marking Bits (Prev, Next): (CMBitMap*) 0x000001b28f938440, (CMBitMap*) 0x000001b28f938480
 Prev Bits: [0x000001b2a5300000, 0x000001b2a7070000)
 Next Bits: [0x000001b2a7070000, 0x000001b2a8de0000)

GC Heap History (0 events):
No events

Dll operation events (1 events):
Event: 0.011 Loaded shared library C:\Users\Administrator\AppData\Local\Programs\IntelliJ IDEA Ultimate\jbr\bin\java.dll

Deoptimization events (0 events):
No events

Classes unloaded (0 events):
No events

Classes redefined (0 events):
No events

Internal exceptions (0 events):
No events

VM Operations (0 events):
No events

Events (0 events):
No events


Dynamic libraries:
0x00007ff791510000 - 0x00007ff79151a000 	C:\Users\Administrator\AppData\Local\Programs\IntelliJ IDEA Ultimate\jbr\bin\java.exe
0x00007ff80e630000 - 0x00007ff80e847000 	C:\Windows\SYSTEM32\ntdll.dll
0x00007ff80cfb0000 - 0x00007ff80d074000 	C:\Windows\System32\KERNEL32.DLL
0x00007ff80ba30000 - 0x00007ff80bde7000 	C:\Windows\System32\KERNELBASE.dll
0x00007ff80b910000 - 0x00007ff80ba21000 	C:\Windows\System32\ucrtbase.dll
0x00007ffffd5b0000 - 0x00007ffffd5c7000 	C:\Users\Administrator\AppData\Local\Programs\IntelliJ IDEA Ultimate\jbr\bin\jli.dll
0x00007ff80d5a0000 - 0x00007ff80d74f000 	C:\Windows\System32\USER32.dll
0x00007ff80be70000 - 0x00007ff80be96000 	C:\Windows\System32\win32u.dll
0x00007ff80e210000 - 0x00007ff80e239000 	C:\Windows\System32\GDI32.dll
0x00007ff80c080000 - 0x00007ff80c198000 	C:\Windows\System32\gdi32full.dll
0x00007fffea120000 - 0x00007fffea3b3000 	C:\Windows\WinSxS\amd64_microsoft.windows.common-controls_6595b64144ccf1df_6.0.22621.3672_none_2713b9d173822955\COMCTL32.dll
0x00007ff80c1a0000 - 0x00007ff80c23a000 	C:\Windows\System32\msvcp_win.dll
0x00007ff80c350000 - 0x00007ff80c3f7000 	C:\Windows\System32\msvcrt.dll
0x00007ffff6740000 - 0x00007ffff675b000 	C:\Users\Administrator\AppData\Local\Programs\IntelliJ IDEA Ultimate\jbr\bin\VCRUNTIME140.dll
0x00007ff80cea0000 - 0x00007ff80ced1000 	C:\Windows\System32\IMM32.DLL
0x00007ff8028a0000 - 0x00007ff8028ac000 	C:\Users\Administrator\AppData\Local\Programs\IntelliJ IDEA Ultimate\jbr\bin\vcruntime140_1.dll
0x00007fffd2cf0000 - 0x00007fffd2d7d000 	C:\Users\Administrator\AppData\Local\Programs\IntelliJ IDEA Ultimate\jbr\bin\msvcp140.dll
0x00007fff86f20000 - 0x00007fff87ba2000 	C:\Users\Administrator\AppData\Local\Programs\IntelliJ IDEA Ultimate\jbr\bin\server\jvm.dll
0x00007ff80e240000 - 0x00007ff80e2f2000 	C:\Windows\System32\ADVAPI32.dll
0x00007ff80c8a0000 - 0x00007ff80c948000 	C:\Windows\System32\sechost.dll
0x00007ff80c240000 - 0x00007ff80c268000 	C:\Windows\System32\bcrypt.dll
0x00007ff80d750000 - 0x00007ff80d864000 	C:\Windows\System32\RPCRT4.dll
0x00007ff80b7e0000 - 0x00007ff80b82d000 	C:\Windows\SYSTEM32\POWRPROF.dll
0x00007ff805e10000 - 0x00007ff805e44000 	C:\Windows\SYSTEM32\WINMM.dll
0x00007fffe9c50000 - 0x00007fffe9c59000 	C:\Windows\SYSTEM32\WSOCK32.dll
0x00007ff802800000 - 0x00007ff80280a000 	C:\Windows\SYSTEM32\VERSION.dll
0x00007ff80e3d0000 - 0x00007ff80e441000 	C:\Windows\System32\WS2_32.dll
0x00007ff80b7c0000 - 0x00007ff80b7d3000 	C:\Windows\SYSTEM32\UMPDC.dll
0x00007ff80a960000 - 0x00007ff80a978000 	C:\Windows\SYSTEM32\kernel.appcore.dll
0x00007ff803aa0000 - 0x00007ff803aaa000 	C:\Users\Administrator\AppData\Local\Programs\IntelliJ IDEA Ultimate\jbr\bin\jimage.dll
0x00007ff809440000 - 0x00007ff809672000 	C:\Windows\SYSTEM32\DBGHELP.DLL
0x00007ff80cb10000 - 0x00007ff80ce9e000 	C:\Windows\System32\combase.dll
0x00007ff80e0e0000 - 0x00007ff80e1b7000 	C:\Windows\System32\OLEAUT32.dll
0x00007fffe2910000 - 0x00007fffe2942000 	C:\Windows\SYSTEM32\dbgcore.DLL
0x00007ff80bdf0000 - 0x00007ff80be6b000 	C:\Windows\System32\bcryptPrimitives.dll
0x00007ffff9040000 - 0x00007ffff9065000 	C:\Users\Administrator\AppData\Local\Programs\IntelliJ IDEA Ultimate\jbr\bin\java.dll

dbghelp: loaded successfully - version: 4.0.5 - missing functions: none
symbol engine: initialized successfully - sym options: 0x614 - pdb path: .;C:\Users\Administrator\AppData\Local\Programs\IntelliJ IDEA Ultimate\jbr\bin;C:\Windows\SYSTEM32;C:\Windows\WinSxS\amd64_microsoft.windows.common-controls_6595b64144ccf1df_6.0.22621.3672_none_2713b9d173822955;C:\Users\Administrator\AppData\Local\Programs\IntelliJ IDEA Ultimate\jbr\bin\server

VM Arguments:
java_command: git4idea.http.GitAskPassApp Username for 'https://github.com': 
java_class_path (initial): C:/Users/Administrator/AppData/Local/Programs/IntelliJ IDEA Ultimate/plugins/vcs-git/lib/git4idea-rt.jar;C:/Users/Administrator/AppData/Local/Programs/IntelliJ IDEA Ultimate/lib/externalProcess-rt.jar
Launcher Type: SUN_STANDARD

[Global flags]
     intx CICompilerCount                          = 12                                        {product} {ergonomic}
     uint ConcGCThreads                            = 3                                         {product} {ergonomic}
     uint G1ConcRefinementThreads                  = 13                                        {product} {ergonomic}
   size_t G1HeapRegionSize                         = 1048576                                   {product} {ergonomic}
    uintx GCDrainStackTargetSize                   = 64                                        {product} {ergonomic}
   size_t InitialHeapSize                          = 123731968                                 {product} {ergonomic}
   size_t MarkStackSize                            = 4194304                                   {product} {ergonomic}
   size_t MaxHeapSize                              = 1975517184                                {product} {ergonomic}
   size_t MinHeapDeltaBytes                        = 1048576                                   {product} {ergonomic}
   size_t MinHeapSize                              = 8388608                                   {product} {ergonomic}
    uintx NonNMethodCodeHeapSize                   = 7602480                                {pd product} {ergonomic}
    uintx NonProfiledCodeHeapSize                  = 122027880                              {pd product} {ergonomic}
    uintx ProfiledCodeHeapSize                     = 122027880                              {pd product} {ergonomic}
    uintx ReservedCodeCacheSize                    = 251658240                              {pd product} {ergonomic}
     bool SegmentedCodeCache                       = true                                      {product} {ergonomic}
   size_t SoftMaxHeapSize                          = 1975517184                             {manageable} {ergonomic}
     bool UseCompressedClassPointers               = true                           {product lp64_product} {ergonomic}
     bool UseCompressedOops                        = true                           {product lp64_product} {ergonomic}
     bool UseG1GC                                  = true                                      {product} {ergonomic}
     bool UseLargePagesIndividualAllocation        = false                                  {pd product} {ergonomic}

Logging:
Log output configuration:
 #0: stdout all=warning uptime,level,tags
 #1: stderr all=off uptime,level,tags

Environment Variables:
JAVA_HOME=C:\Program Files\Java\jdk-21
PATH=C:/Program Files/Git/mingw64/libexec/git-core;C:/Program Files/Git/mingw64/libexec/git-core;C:/Program Files/Git/mingw64/libexec/git-core;C:\Program Files\Git\mingw64\bin;C:\Program Files\Git\usr\bin;C:\Users\Administrator\bin;C:\Python312\Scripts\;C:\Python312\;C:\Program Files\Common Files\Oracle\Java\javapath;C:\Windows\system32;C:\Windows;C:\Windows\System32\Wbem;C:\Windows\System32\WindowsPowerShell\v1.0\;C:\Windows\System32\OpenSSH\;C:\Program Files (x86)\HP\Common\HPDestPlgIn\;C:\Program Files\Java\jdk-21\bin;C:\Program Files\Docker\Docker\resources\bin;C:\Program Files\nodejs\;C:\ProgramData\chocolatey\bin;C:\Program Files\dotnet\;C:\MinGW\bin;C:\Program Files (x86)\Windows Kits\10\Windows Performance Toolkit\;C:\Program Files\Git\cmd;C:\Users\Administrator\AppData\Local\Programs\Python\Launcher\;C:\Users\Administrator\AppData\Local\Programs\Python\Python310\Scripts\;C:\Users\Administrator\AppData\Local\Programs\Python\Python310\;C:\Users\Administrator\AppData\Local\Programs\Python\Python311\Scripts\;C:\Users\Administrator\AppData\Local\Programs\Python\Python311\;C:\Users\Administrator\AppData\Local\Microsoft\WindowsApps;C:\Users\Administrator\AppData\Local\JetBrains\Toolbox\scripts;C:\Program Files (x86)\HP\Common\HPDestPlgIn\;C:\Users\Administrator\.bun\bin;C:\Users\Administrator\AppData\Roaming\npm;C:\Users\Administrator\AppData\Local\Programs\Microsoft VS Code\bin;C:\Users\Administrator\.dotnet\tools
USERNAME=Administrator
DISPLAY=:0.0
LC_ALL=en_US.UTF-8
TERM=xterm-256color
TMPDIR=C:\Users\ADMINI~1\AppData\Local\Temp
OS=Windows_NT
PROCESSOR_IDENTIFIER=AMD64 Family 23 Model 104 Stepping 1, AuthenticAMD
TMP=C:\Users\ADMINI~1\AppData\Local\Temp
TEMP=C:\Users\ADMINI~1\AppData\Local\Temp



Periodic native trim disabled

JNI global refs:
JNI global refs: 0, weak refs: 0

JNI global refs memory usage: 0, weak refs: 0

OOME stack traces (most recent first):
Classloader memory used:


---------------  S Y S T E M  ---------------

OS:
 Windows 11 , 64 bit Build 22621 (10.0.22621.3958)
OS uptime: 2 days 14:18 hours

CPU: total 16 (initial active 16) (16 cores per cpu, 2 threads per core) family 23 model 104 stepping 1 microcode 0x0, cx8, cmov, fxsr, ht, mmx, 3dnowpref, sse, sse2, sse3, ssse3, sse4a, sse4.1, sse4.2, popcnt, lzcnt, tsc, tscinvbit, avx, avx2, aes, clmul, bmi1, bmi2, adx, sha, fma, vzeroupper, clflush, clflushopt
Processor Information for all 16 processors :
  Max Mhz: 1801, Current Mhz: 1801, Mhz Limit: 1801

Memory: 4k page, system-wide physical 7530M (458M free)
TotalPageFile size 15530M (AvailPageFile size 77M)
current process WorkingSet (physical memory assigned to process): 11M, peak: 11M
current process commit charge ("private bytes"): 70M, peak: 188M

vm_info: OpenJDK 64-Bit Server VM (17.0.10+8-b1207.12) for windows-amd64 JRE (17.0.10+8-b1207.12), built on 2024-03-15 by "builduser" with MS VC++ 16.10 / 16.11 (VS2019)

END.
